Build started 23.11.2020 20:50:44.
     1>Project "C:\Users\MERT TÜRE\Desktop\Courses\2. Sınıf\CS204\TakeHomes\mertture_Ture_Mert_hw2\mertture_Ture_Mert_hw2\mertture_Ture_Mert_hw2.vcxproj" on node 2 (Build target(s)).
     1>ClCompile:
         C:\Program Files (x86)\Microsoft Visual Studio 11.0\VC\bin\CL.exe /c /ZI /nologo /W3 /WX- /Od /Oy- /D "WIN32" /D _DEBUG /D _CONSOLE /D "_UNICODE" /D "UNICODE" /Gm /EHsc /RTC1 /MDd /GS /fp:precise /Zc:wchar_t /Zc:forScope /Fo"Debug\\" /Fd"Debug\vc110.pdb" /Gd /TP /analyze- /errorReport:prompt mertture_Ture_Mert_hw2.cpp
         mertture_Ture_Mert_hw2.cpp
     1>c:\users\mert türe\desktop\courses\2. sınıf\cs204\takehomes\mertture_ture_mert_hw2\mertture_ture_mert_hw2\mertture_ture_mert_hw2.cpp(83): warning C4018: '<' : signed/unsigned mismatch
     1>c:\users\mert türe\desktop\courses\2. sınıf\cs204\takehomes\mertture_ture_mert_hw2\mertture_ture_mert_hw2\mertture_ture_mert_hw2.cpp(84): warning C4018: '<' : signed/unsigned mismatch
     1>c:\users\mert türe\desktop\courses\2. sınıf\cs204\takehomes\mertture_ture_mert_hw2\mertture_ture_mert_hw2\mertture_ture_mert_hw2.cpp(116): warning C4018: '<' : signed/unsigned mismatch
     1>c:\users\mert türe\desktop\courses\2. sınıf\cs204\takehomes\mertture_ture_mert_hw2\mertture_ture_mert_hw2\mertture_ture_mert_hw2.cpp(136): warning C4018: '<' : signed/unsigned mismatch
     1>c:\users\mert türe\desktop\courses\2. sınıf\cs204\takehomes\mertture_ture_mert_hw2\mertture_ture_mert_hw2\mertture_ture_mert_hw2.cpp(138): warning C4018: '<' : signed/unsigned mismatch
     1>c:\users\mert türe\desktop\courses\2. sınıf\cs204\takehomes\mertture_ture_mert_hw2\mertture_ture_mert_hw2\mertture_ture_mert_hw2.cpp(182): warning C4018: '<' : signed/unsigned mismatch
     1>c:\users\mert türe\desktop\courses\2. sınıf\cs204\takehomes\mertture_ture_mert_hw2\mertture_ture_mert_hw2\mertture_ture_mert_hw2.cpp(242): warning C4018: '<' : signed/unsigned mismatch
     1>c:\users\mert türe\desktop\courses\2. sınıf\cs204\takehomes\mertture_ture_mert_hw2\mertture_ture_mert_hw2\mertture_ture_mert_hw2.cpp(357): warning C4018: '<' : signed/unsigned mismatch
     1>c:\users\mert türe\desktop\courses\2. sınıf\cs204\takehomes\mertture_ture_mert_hw2\mertture_ture_mert_hw2\mertture_ture_mert_hw2.cpp(395): warning C4018: '<' : signed/unsigned mismatch
     1>c:\users\mert türe\desktop\courses\2. sınıf\cs204\takehomes\mertture_ture_mert_hw2\mertture_ture_mert_hw2\mertture_ture_mert_hw2.cpp(499): warning C4018: '<' : signed/unsigned mismatch
     1>c:\users\mert türe\desktop\courses\2. sınıf\cs204\takehomes\mertture_ture_mert_hw2\mertture_ture_mert_hw2\mertture_ture_mert_hw2.cpp(521): warning C4018: '<' : signed/unsigned mismatch
     1>c:\users\mert türe\desktop\courses\2. sınıf\cs204\takehomes\mertture_ture_mert_hw2\mertture_ture_mert_hw2\mertture_ture_mert_hw2.cpp(532): warning C4018: '<' : signed/unsigned mismatch
     1>c:\users\mert türe\desktop\courses\2. sınıf\cs204\takehomes\mertture_ture_mert_hw2\mertture_ture_mert_hw2\mertture_ture_mert_hw2.cpp(562): warning C4018: '<' : signed/unsigned mismatch
     1>c:\users\mert türe\desktop\courses\2. sınıf\cs204\takehomes\mertture_ture_mert_hw2\mertture_ture_mert_hw2\mertture_ture_mert_hw2.cpp(595): warning C4018: '<' : signed/unsigned mismatch
     1>c:\users\mert türe\desktop\courses\2. sınıf\cs204\takehomes\mertture_ture_mert_hw2\mertture_ture_mert_hw2\mertture_ture_mert_hw2.cpp(768): warning C4018: '<' : signed/unsigned mismatch
     1>c:\users\mert türe\desktop\courses\2. sınıf\cs204\takehomes\mertture_ture_mert_hw2\mertture_ture_mert_hw2\mertture_ture_mert_hw2.cpp(781): warning C4018: '<' : signed/unsigned mismatch
       Link:
         C:\Program Files (x86)\Microsoft Visual Studio 11.0\VC\bin\link.exe /ERRORREPORT:PROMPT /OUT:"C:\Users\MERT TÜRE\Desktop\Courses\2. Sınıf\CS204\TakeHomes\mertture_Ture_Mert_hw2\Debug\mertture_Ture_Mert_hw2.exe" /INCREMENTAL /NOLOGO kernel32.lib user32.lib gdi32.lib winspool.lib comdlg32.lib advapi32.lib shell32.lib ole32.lib oleaut32.lib uuid.lib odbc32.lib odbccp32.lib /MANIFEST /MANIFESTUAC:"level='asInvoker' uiAccess='false'" /manifest:embed /DEBUG /PDB:"C:\Users\MERT TÜRE\Desktop\Courses\2. Sınıf\CS204\TakeHomes\mertture_Ture_Mert_hw2\Debug\mertture_Ture_Mert_hw2.pdb" /SUBSYSTEM:CONSOLE /TLBID:1 /DYNAMICBASE /NXCOMPAT /IMPLIB:"C:\Users\MERT TÜRE\Desktop\Courses\2. Sınıf\CS204\TakeHomes\mertture_Ture_Mert_hw2\Debug\mertture_Ture_Mert_hw2.lib" /MACHINE:X86 Debug\mertture_Ture_Mert_hw2.obj
         Debug\strutils.obj
         mertture_Ture_Mert_hw2.vcxproj -> C:\Users\MERT TÜRE\Desktop\Courses\2. Sınıf\CS204\TakeHomes\mertture_Ture_Mert_hw2\Debug\mertture_Ture_Mert_hw2.exe
     1>Done Building Project "C:\Users\MERT TÜRE\Desktop\Courses\2. Sınıf\CS204\TakeHomes\mertture_Ture_Mert_hw2\mertture_Ture_Mert_hw2\mertture_Ture_Mert_hw2.vcxproj" (Build target(s)).

Build succeeded.

Time Elapsed 00:00:01.90
